2023-11-10T02:05:17.732Z: เกิดข้อผิดพลาด TypeError: Cannot read properties of undefined (reading 'Request') ในการเข้าสู่ระบบ 
2023-11-10T02:05:31.205Z: เกิดข้อผิดพลาด TypeError: Cannot read properties of undefined (reading 'Request') ในการเข้าสู่ระบบ 
2023-11-10T02:05:31.578Z: เกิดข้อผิดพลาด TypeError: Cannot read properties of undefined (reading 'Request') ในการเข้าสู่ระบบ 
2023-11-10T02:06:15.889Z: เกิดข้อผิดพลาด TypeError: Cannot read properties of undefined (reading 'Request') ในการเข้าสู่ระบบ 
2023-11-10T02:06:16.971Z: เกิดข้อผิดพลาด TypeError: Cannot read properties of undefined (reading 'Request') ในการเข้าสู่ระบบ 
2023-11-10T02:07:08.334Z: เกิดข้อผิดพลาด TypeError: Cannot read properties of undefined (reading 'Request') ในการเข้าสู่ระบบ 
2023-11-10T02:07:09.321Z: เกิดข้อผิดพลาด TypeError: Cannot read properties of undefined (reading 'Request') ในการเข้าสู่ระบบ 
2023-11-10T02:07:09.691Z: เกิดข้อผิดพลาด TypeError: Cannot read properties of undefined (reading 'Request') ในการเข้าสู่ระบบ 
2023-11-10T02:07:10.017Z: เกิดข้อผิดพลาด TypeError: Cannot read properties of undefined (reading 'Request') ในการเข้าสู่ระบบ 
2023-11-10T02:07:10.392Z: เกิดข้อผิดพลาด TypeError: Cannot read properties of undefined (reading 'Request') ในการเข้าสู่ระบบ 
2023-11-10T02:07:56.257Z: เกิดข้อผิดพลาด TypeError: Cannot read properties of undefined (reading 'getConnection') ในการเข้าสู่ระบบ 
2023-11-10T02:08:43.703Z: เกิดข้อผิดพลาด TypeError: Cannot read properties of undefined (reading 'getConnection') ในการเข้าสู่ระบบ 
2023-11-10T02:08:44.418Z: เกิดข้อผิดพลาด TypeError: Cannot read properties of undefined (reading 'getConnection') ในการเข้าสู่ระบบ 
2023-11-10T02:08:45.298Z: เกิดข้อผิดพลาด TypeError: Cannot read properties of undefined (reading 'getConnection') ในการเข้าสู่ระบบ 
2023-11-10T02:08:46.034Z: เกิดข้อผิดพลาด TypeError: Cannot read properties of undefined (reading 'getConnection') ในการเข้าสู่ระบบ 
2023-11-10T02:08:47.042Z: เกิดข้อผิดพลาด TypeError: Cannot read properties of undefined (reading 'getConnection') ในการเข้าสู่ระบบ 
2023-11-10T02:08:55.501Z: เกิดข้อผิดพลาด TypeError: Cannot read properties of undefined (reading 'getConnection') ในการเข้าสู่ระบบ 
2023-11-10T02:08:56.673Z: เกิดข้อผิดพลาด TypeError: Cannot read properties of undefined (reading 'getConnection') ในการเข้าสู่ระบบ 
2023-11-10T02:10:54.305Z: เกิดข้อผิดพลาด TypeError: Cannot read properties of undefined (reading 'getConnection') ในการเข้าสู่ระบบ 
2023-11-10T02:10:55.196Z: เกิดข้อผิดพลาด TypeError: Cannot read properties of undefined (reading 'getConnection') ในการเข้าสู่ระบบ 
2023-11-10T02:10:56.007Z: เกิดข้อผิดพลาด TypeError: Cannot read properties of undefined (reading 'getConnection') ในการเข้าสู่ระบบ 
2023-11-10T02:11:00.982Z: เกิดข้อผิดพลาด TypeError: Cannot read properties of undefined (reading 'getConnection') ในการเข้าสู่ระบบ 
2023-11-10T02:11:01.798Z: เกิดข้อผิดพลาด TypeError: Cannot read properties of undefined (reading 'getConnection') ในการเข้าสู่ระบบ 
2023-11-10T02:12:36.467Z: เกิดข้อผิดพลาด TypeError: Cannot read properties of undefined (reading 'getConnection') ในการเข้าสู่ระบบ 
2023-11-10T02:12:37.687Z: เกิดข้อผิดพลาด TypeError: Cannot read properties of undefined (reading 'getConnection') ในการเข้าสู่ระบบ 
2023-11-10T02:12:38.267Z: เกิดข้อผิดพลาด TypeError: Cannot read properties of undefined (reading 'getConnection') ในการเข้าสู่ระบบ 
2023-11-10T02:12:38.610Z: เกิดข้อผิดพลาด TypeError: Cannot read properties of undefined (reading 'getConnection') ในการเข้าสู่ระบบ 
2023-11-10T02:12:38.787Z: เกิดข้อผิดพลาด TypeError: Cannot read properties of undefined (reading 'getConnection') ในการเข้าสู่ระบบ 
2023-11-10T02:12:38.921Z: เกิดข้อผิดพลาด TypeError: Cannot read properties of undefined (reading 'getConnection') ในการเข้าสู่ระบบ 
2023-11-10T02:12:39.094Z: เกิดข้อผิดพลาด TypeError: Cannot read properties of undefined (reading 'getConnection') ในการเข้าสู่ระบบ 
2023-11-10T02:12:39.259Z: เกิดข้อผิดพลาด TypeError: Cannot read properties of undefined (reading 'getConnection') ในการเข้าสู่ระบบ 
2023-11-10T02:12:39.467Z: เกิดข้อผิดพลาด TypeError: Cannot read properties of undefined (reading 'getConnection') ในการเข้าสู่ระบบ 
2023-11-10T02:12:57.869Z: เกิดข้อผิดพลาด TypeError: Cannot read properties of undefined (reading 'getConnection') ในการเข้าสู่ระบบ 
2023-11-10T02:15:11.397Z: เกิดข้อผิดพลาด ReferenceError: sql is not defined ในการเข้าสู่ระบบ 
2023-11-10T02:15:12.470Z: เกิดข้อผิดพลาด ReferenceError: sql is not defined ในการเข้าสู่ระบบ 
2023-11-10T02:16:15.899Z: เกิดข้อผิดพลาด ReferenceError: sql is not defined ในการเข้าสู่ระบบ 
2023-11-10T02:16:28.626Z: เกิดข้อผิดพลาด ReferenceError: sql is not defined ในการเข้าสู่ระบบ 
2023-11-10T02:24:35.781Z: มีการพยายามเข้าสู่ระบบด้วยชื่อผู้ใช้งาน user ได้เข้าสู่ระบบ 
2023-11-10T02:24:37.065Z: มีการพยายามเข้าสู่ระบบด้วยชื่อผู้ใช้งาน user ได้เข้าสู่ระบบ 
2023-11-10T02:24:37.559Z: มีการพยายามเข้าสู่ระบบด้วยชื่อผู้ใช้งาน user ได้เข้าสู่ระบบ 
2023-11-10T02:24:38.256Z: มีการพยายามเข้าสู่ระบบด้วยชื่อผู้ใช้งาน user ได้เข้าสู่ระบบ 
2023-11-10T02:24:48.195Z: มีการพยายามเข้าสู่ระบบด้วยชื่อผู้ใช้งาน user ได้เข้าสู่ระบบ 
2023-11-10T02:24:55.567Z: มีการพยายามเข้าสู่ระบบด้วยชื่อผู้ใช้งาน user ได้เข้าสู่ระบบ 
2023-11-10T02:25:18.319Z: มีการพยายามเข้าสู่ระบบด้วยชื่อผู้ใช้งาน user ได้เข้าสู่ระบบ 
2023-11-10T02:25:34.726Z: มีการพยายามเข้าสู่ระบบด้วยชื่อผู้ใช้งาน user ได้เข้าสู่ระบบ 
2023-11-10T02:25:50.128Z: มีการพยายามเข้าสู่ระบบด้วยชื่อผู้ใช้งาน user ได้เข้าสู่ระบบ 
2023-11-10T02:26:06.021Z: มีการพยายามเข้าสู่ระบบด้วยชื่อผู้ใช้งาน user ได้เข้าสู่ระบบ 
2023-11-10T02:26:25.842Z: มีการพยายามเข้าสู่ระบบด้วยชื่อผู้ใช้งาน user ได้เข้าสู่ระบบ 
2023-11-10T02:26:27.540Z: มีการพยายามเข้าสู่ระบบด้วยชื่อผู้ใช้งาน user ได้เข้าสู่ระบบ 
2023-11-10T02:48:16.774Z: มีการพยายามเข้าสู่ระบบด้วยชื่อผู้ใช้งาน admin ได้เข้าสู่ระบบ 
2023-11-10T02:48:17.995Z: มีการพยายามเข้าสู่ระบบด้วยชื่อผู้ใช้งาน admin ได้เข้าสู่ระบบ 
2024-01-03T07:34:55.939Z: มีการพยายามเข้าสู่ระบบด้วยชื่อผู้ใช้งาน admin ได้เข้าสู่ระบบ 
2024-01-03T07:37:51.584Z: มีการพยายามเข้าสู่ระบบด้วยชื่อผู้ใช้งาน manager ได้เข้าสู่ระบบ 
2024-01-03T07:37:55.966Z: มีการพยายามเข้าสู่ระบบด้วยชื่อผู้ใช้งาน manager ได้เข้าสู่ระบบ 
2024-01-04T13:15:29.848Z: มีการพยายามเข้าสู่ระบบด้วยชื่อผู้ใช้งาน 12353 ได้เข้าสู่ระบบ 
2024-01-05T02:23:21.443Z: มีการพยายามเข้าสู่ระบบด้วยชื่อผู้ใช้งาน admin ได้เข้าสู่ระบบ 
2024-01-05T02:23:22.315Z: มีการพยายามเข้าสู่ระบบด้วยชื่อผู้ใช้งาน admin ได้เข้าสู่ระบบ 
2024-01-10T07:25:31.864Z: มีการพยายามเข้าสู่ระบบด้วยชื่อผู้ใช้งาน admin ได้เข้าสู่ระบบ 
2024-01-10T07:25:33.060Z: มีการพยายามเข้าสู่ระบบด้วยชื่อผู้ใช้งาน admin ได้เข้าสู่ระบบ 
